<?xml version="1.0" encoding="UTF-8"?>
<!-- Generated by org.testng.reporters.JUnitReportReporter -->
<testsuite skipped="0" hostname="INBASDLP04910" name="com.fafiner.test.smoke.TestGroup" tests="3" failures="0" timestamp="09 Sep 2017 04:52:11 GMT" time="0.021" errors="0">
  <testcase name="test1" time="0.012" classname="com.fafiner.test.smoke.TestGroup"/>
  <testcase name="test3" time="0.004" classname="com.fafiner.test.smoke.TestGroup"/>
  <testcase name="test2" time="0.005" classname="com.fafiner.test.smoke.TestGroup"/>
</testsuite> <!-- com.fafiner.test.smoke.TestGroup -->
