<?xml version="1.0" encoding="UTF-8"?>
<!-- Generated by org.testng.reporters.JUnitReportReporter -->
<testsuite skipped="0" hostname="INBASDLP04910" name="com.fafiner.test.regression.TestLoginUS016" tests="1" failures="0" timestamp="30 Mar 2018 07:09:05 GMT" time="30.834" errors="0">
  <testcase name="testLoginValidTC118" time="30.834" classname="com.fafiner.test.regression.TestLoginUS016"/>
</testsuite> <!-- com.fafiner.test.regression.TestLoginUS016 -->
