<?xml version="1.0" encoding="UTF-8"?>
<!-- Generated by org.testng.reporters.JUnitReportReporter -->
<testsuite skipped="0" hostname="INBASDLP04910" name="com.fafiner.test.smoke.Dependency" tests="2" failures="0" timestamp="09 Sep 2017 05:04:58 GMT" time="0.014" errors="0">
  <testcase name="deleteUser" time="0.001" classname="com.fafiner.test.smoke.Dependency"/>
  <testcase name="createUser" time="0.013" classname="com.fafiner.test.smoke.Dependency"/>
</testsuite> <!-- com.fafiner.test.smoke.Dependency -->
