<?xml version="1.0" encoding="UTF-8"?>
<!-- Generated by org.testng.reporters.JUnitReportReporter -->
<testsuite skipped="0" hostname="INBASDLP04910" name="com.fafiner.test.practice.JavaScriptPractice" tests="1" failures="0" timestamp="27 Mar 2018 02:59:28 GMT" time="0.056" errors="0">
  <testcase name="runjavascripts" time="0.056" classname="com.fafiner.test.practice.JavaScriptPractice"/>
</testsuite> <!-- com.fafiner.test.practice.JavaScriptPractice -->
